/home/vaibhav/.rvm/gems/ruby-2.4.4/gems/activerecord-5.1.5/lib/active_record/associations.rb:1851: warning: already initialized constant User::HABTM_Roles
/home/vaibhav/.rvm/gems/ruby-2.4.4/gems/activerecord-5.1.5/lib/active_record/associations.rb:1851: warning: previous definition of HABTM_Roles was here
/home/vaibhav/.rvm/gems/ruby-2.4.4/gems/activerecord-5.1.5/lib/active_record/associations.rb:1851: warning: already initialized constant User::HABTM_Organizations
/home/vaibhav/.rvm/gems/ruby-2.4.4/gems/activerecord-5.1.5/lib/active_record/associations.rb:1851: warning: previous definition of HABTM_Organizations was here
/home/vaibhav/.rvm/gems/ruby-2.4.4/gems/net-ldap-0.16.1/lib/net/ldap.rb:10: warning: already initialized constant Net::LDAP::HasOpenSSL
/home/vaibhav/.rvm/gems/ruby-2.4.4/gems/net-ldap-0.16.1/lib/net/ldap.rb:10: warning: previous definition of HasOpenSSL was here
/home/vaibhav/.rvm/gems/ruby-2.4.4/gems/net-ldap-0.16.1/lib/net/ldap.rb:264: warning: already initialized constant Net::LDAP::SearchScope_BaseObject
/home/vaibhav/.rvm/gems/ruby-2.4.4/gems/net-ldap-0.16.1/lib/net/ldap.rb:264: warning: previous definition of SearchScope_BaseObject was here
/home/vaibhav/.rvm/gems/ruby-2.4.4/gems/net-ldap-0.16.1/lib/net/ldap.rb:265: warning: already initialized constant Net::LDAP::SearchScope_SingleLevel
/home/vaibhav/.rvm/gems/ruby-2.4.4/gems/net-ldap-0.16.1/lib/net/ldap.rb:265: warning: previous definition of SearchScope_SingleLevel was here
/home/vaibhav/.rvm/gems/ruby-2.4.4/gems/net-ldap-0.16.1/lib/net/ldap.rb:266: warning: already initialized constant Net::LDAP::SearchScope_WholeSubtree
/home/vaibhav/.rvm/gems/ruby-2.4.4/gems/net-ldap-0.16.1/lib/net/ldap.rb:266: warning: previous definition of SearchScope_WholeSubtree was here
/home/vaibhav/.rvm/gems/ruby-2.4.4/gems/net-ldap-0.16.1/lib/net/ldap.rb:267: warning: already initialized constant Net::LDAP::SearchScopes
/home/vaibhav/.rvm/gems/ruby-2.4.4/gems/net-ldap-0.16.1/lib/net/ldap.rb:267: warning: previous definition of SearchScopes was here
/home/vaibhav/.rvm/gems/ruby-2.4.4/gems/net-ldap-0.16.1/lib/net/ldap.rb:270: warning: already initialized constant Net::LDAP::DerefAliases_Never
/home/vaibhav/.rvm/gems/ruby-2.4.4/gems/net-ldap-0.16.1/lib/net/ldap.rb:270: warning: previous definition of DerefAliases_Never was here
/home/vaibhav/.rvm/gems/ruby-2.4.4/gems/net-ldap-0.16.1/lib/net/ldap.rb:271: warning: already initialized constant Net::LDAP::DerefAliases_Search
/home/vaibhav/.rvm/gems/ruby-2.4.4/gems/net-ldap-0.16.1/lib/net/ldap.rb:271: warning: previous definition of DerefAliases_Search was here
/home/vaibhav/.rvm/gems/ruby-2.4.4/gems/net-ldap-0.16.1/lib/net/ldap.rb:272: warning: already initialized constant Net::LDAP::DerefAliases_Find
/home/vaibhav/.rvm/gems/ruby-2.4.4/gems/net-ldap-0.16.1/lib/net/ldap.rb:272: warning: previous definition of DerefAliases_Find was here
/home/vaibhav/.rvm/gems/ruby-2.4.4/gems/net-ldap-0.16.1/lib/net/ldap.rb:273: warning: already initialized constant Net::LDAP::DerefAliases_Always
/home/vaibhav/.rvm/gems/ruby-2.4.4/gems/net-ldap-0.16.1/lib/net/ldap.rb:273: warning: previous definition of DerefAliases_Always was here
/home/vaibhav/.rvm/gems/ruby-2.4.4/gems/net-ldap-0.16.1/lib/net/ldap.rb:274: warning: already initialized constant Net::LDAP::DerefAliasesArray
/home/vaibhav/.rvm/gems/ruby-2.4.4/gems/net-ldap-0.16.1/lib/net/ldap.rb:274: warning: previous definition of DerefAliasesArray was here
/home/vaibhav/.rvm/gems/ruby-2.4.4/gems/net-ldap-0.16.1/lib/net/ldap.rb:332: warning: already initialized constant Net::LDAP::AsnSyntax
/home/vaibhav/.rvm/gems/ruby-2.4.4/gems/net-ldap-0.16.1/lib/net/ldap.rb:332: warning: previous definition of AsnSyntax was here
/home/vaibhav/.rvm/gems/ruby-2.4.4/gems/net-ldap-0.16.1/lib/net/ldap.rb:336: warning: already initialized constant Net::LDAP::DefaultHost
/home/vaibhav/.rvm/gems/ruby-2.4.4/gems/net-ldap-0.16.1/lib/net/ldap.rb:336: warning: previous definition of DefaultHost was here
/home/vaibhav/.rvm/gems/ruby-2.4.4/gems/net-ldap-0.16.1/lib/net/ldap.rb:337: warning: already initialized constant Net::LDAP::DefaultPort
/home/vaibhav/.rvm/gems/ruby-2.4.4/gems/net-ldap-0.16.1/lib/net/ldap.rb:337: warning: previous definition of DefaultPort was here
/home/vaibhav/.rvm/gems/ruby-2.4.4/gems/net-ldap-0.16.1/lib/net/ldap.rb:338: warning: already initialized constant Net::LDAP::DefaultAuth
/home/vaibhav/.rvm/gems/ruby-2.4.4/gems/net-ldap-0.16.1/lib/net/ldap.rb:338: warning: previous definition of DefaultAuth was here
/home/vaibhav/.rvm/gems/ruby-2.4.4/gems/net-ldap-0.16.1/lib/net/ldap.rb:339: warning: already initialized constant Net::LDAP::DefaultTreebase
/home/vaibhav/.rvm/gems/ruby-2.4.4/gems/net-ldap-0.16.1/lib/net/ldap.rb:339: warning: previous definition of DefaultTreebase was here
/home/vaibhav/.rvm/gems/ruby-2.4.4/gems/net-ldap-0.16.1/lib/net/ldap.rb:340: warning: already initialized constant Net::LDAP::DefaultForceNoPage
/home/vaibhav/.rvm/gems/ruby-2.4.4/gems/net-ldap-0.16.1/lib/net/ldap.rb:340: warning: previous definition of DefaultForceNoPage was here
/home/vaibhav/.rvm/gems/ruby-2.4.4/gems/net-ldap-0.16.1/lib/net/ldap.rb:342: warning: already initialized constant Net::LDAP::StartTlsOid
/home/vaibhav/.rvm/gems/ruby-2.4.4/gems/net-ldap-0.16.1/lib/net/ldap.rb:342: warning: previous definition of StartTlsOid was here
/home/vaibhav/.rvm/gems/ruby-2.4.4/gems/net-ldap-0.16.1/lib/net/ldap.rb:343: warning: already initialized constant Net::LDAP::PasswdModifyOid
/home/vaibhav/.rvm/gems/ruby-2.4.4/gems/net-ldap-0.16.1/lib/net/ldap.rb:343: warning: previous definition of PasswdModifyOid was here
/home/vaibhav/.rvm/gems/ruby-2.4.4/gems/net-ldap-0.16.1/lib/net/ldap.rb:347: warning: already initialized constant Net::LDAP::ResultCodeSuccess
/home/vaibhav/.rvm/gems/ruby-2.4.4/gems/net-ldap-0.16.1/lib/net/ldap.rb:347: warning: previous definition of ResultCodeSuccess was here
/home/vaibhav/.rvm/gems/ruby-2.4.4/gems/net-ldap-0.16.1/lib/net/ldap.rb:348: warning: already initialized constant Net::LDAP::ResultCodeOperationsError
/home/vaibhav/.rvm/gems/ruby-2.4.4/gems/net-ldap-0.16.1/lib/net/ldap.rb:348: warning: previous definition of ResultCodeOperationsError was here
/home/vaibhav/.rvm/gems/ruby-2.4.4/gems/net-ldap-0.16.1/lib/net/ldap.rb:349: warning: already initialized constant Net::LDAP::ResultCodeProtocolError
/home/vaibhav/.rvm/gems/ruby-2.4.4/gems/net-ldap-0.16.1/lib/net/ldap.rb:349: warning: previous definition of ResultCodeProtocolError was here
/home/vaibhav/.rvm/gems/ruby-2.4.4/gems/net-ldap-0.16.1/lib/net/ldap.rb:350: warning: already initialized constant Net::LDAP::ResultCodeTimeLimitExceeded
/home/vaibhav/.rvm/gems/ruby-2.4.4/gems/net-ldap-0.16.1/lib/net/ldap.rb:350: warning: previous definition of ResultCodeTimeLimitExceeded was here
/home/vaibhav/.rvm/gems/ruby-2.4.4/gems/net-ldap-0.16.1/lib/net/ldap.rb:351: warning: already initialized constant Net::LDAP::ResultCodeSizeLimitExceeded
/home/vaibhav/.rvm/gems/ruby-2.4.4/gems/net-ldap-0.16.1/lib/net/ldap.rb:351: warning: previous definition of ResultCodeSizeLimitExceeded was here
/home/vaibhav/.rvm/gems/ruby-2.4.4/gems/net-ldap-0.16.1/lib/net/ldap.rb:352: warning: already initialized constant Net::LDAP::ResultCodeCompareFalse
/home/vaibhav/.rvm/gems/ruby-2.4.4/gems/net-ldap-0.16.1/lib/net/ldap.rb:352: warning: previous definition of ResultCodeCompareFalse was here
/home/vaibhav/.rvm/gems/ruby-2.4.4/gems/net-ldap-0.16.1/lib/net/ldap.rb:353: warning: already initialized constant Net::LDAP::ResultCodeCompareTrue
/home/vaibhav/.rvm/gems/ruby-2.4.4/gems/net-ldap-0.16.1/lib/net/ldap.rb:353: warning: previous definition of ResultCodeCompareTrue was here
/home/vaibhav/.rvm/gems/ruby-2.4.4/gems/net-ldap-0.16.1/lib/net/ldap.rb:354: warning: already initialized constant Net::LDAP::ResultCodeAuthMethodNotSupported
/home/vaibhav/.rvm/gems/ruby-2.4.4/gems/net-ldap-0.16.1/lib/net/ldap.rb:354: warning: previous definition of ResultCodeAuthMethodNotSupported was here
/home/vaibhav/.rvm/gems/ruby-2.4.4/gems/net-ldap-0.16.1/lib/net/ldap.rb:355: warning: already initialized constant Net::LDAP::ResultCodeStrongerAuthRequired
/home/vaibhav/.rvm/gems/ruby-2.4.4/gems/net-ldap-0.16.1/lib/net/ldap.rb:355: warning: previous definition of ResultCodeStrongerAuthRequired was here
/home/vaibhav/.rvm/gems/ruby-2.4.4/gems/net-ldap-0.16.1/lib/net/ldap.rb:356: warning: already initialized constant Net::LDAP::ResultCodeReferral
/home/vaibhav/.rvm/gems/ruby-2.4.4/gems/net-ldap-0.16.1/lib/net/ldap.rb:356: warning: previous definition of ResultCodeReferral was here
/home/vaibhav/.rvm/gems/ruby-2.4.4/gems/net-ldap-0.16.1/lib/net/ldap.rb:357: warning: already initialized constant Net::LDAP::ResultCodeAdminLimitExceeded
/home/vaibhav/.rvm/gems/ruby-2.4.4/gems/net-ldap-0.16.1/lib/net/ldap.rb:357: warning: previous definition of ResultCodeAdminLimitExceeded was here
/home/vaibhav/.rvm/gems/ruby-2.4.4/gems/net-ldap-0.16.1/lib/net/ldap.rb:358: warning: already initialized constant Net::LDAP::ResultCodeUnavailableCriticalExtension
/home/vaibhav/.rvm/gems/ruby-2.4.4/gems/net-ldap-0.16.1/lib/net/ldap.rb:358: warning: previous definition of ResultCodeUnavailableCriticalExtension was here
/home/vaibhav/.rvm/gems/ruby-2.4.4/gems/net-ldap-0.16.1/lib/net/ldap.rb:359: warning: already initialized constant Net::LDAP::ResultCodeConfidentialityRequired
/home/vaibhav/.rvm/gems/ruby-2.4.4/gems/net-ldap-0.16.1/lib/net/ldap.rb:359: warning: previous definition of ResultCodeConfidentialityRequired was here
/home/vaibhav/.rvm/gems/ruby-2.4.4/gems/net-ldap-0.16.1/lib/net/ldap.rb:360: warning: already initialized constant Net::LDAP::ResultCodeSaslBindInProgress
/home/vaibhav/.rvm/gems/ruby-2.4.4/gems/net-ldap-0.16.1/lib/net/ldap.rb:360: warning: previous definition of ResultCodeSaslBindInProgress was here
/home/vaibhav/.rvm/gems/ruby-2.4.4/gems/net-ldap-0.16.1/lib/net/ldap.rb:361: warning: already initialized constant Net::LDAP::ResultCodeNoSuchAttribute
/home/vaibhav/.rvm/gems/ruby-2.4.4/gems/net-ldap-0.16.1/lib/net/ldap.rb:361: warning: previous definition of ResultCodeNoSuchAttribute was here
/home/vaibhav/.rvm/gems/ruby-2.4.4/gems/net-ldap-0.16.1/lib/net/ldap.rb:362: warning: already initialized constant Net::LDAP::ResultCodeUndefinedAttributeType
/home/vaibhav/.rvm/gems/ruby-2.4.4/gems/net-ldap-0.16.1/lib/net/ldap.rb:362: warning: previous definition of ResultCodeUndefinedAttributeType was here
/home/vaibhav/.rvm/gems/ruby-2.4.4/gems/net-ldap-0.16.1/lib/net/ldap.rb:363: warning: already initialized constant Net::LDAP::ResultCodeInappropriateMatching
/home/vaibhav/.rvm/gems/ruby-2.4.4/gems/net-ldap-0.16.1/lib/net/ldap.rb:363: warning: previous definition of ResultCodeInappropriateMatching was here
/home/vaibhav/.rvm/gems/ruby-2.4.4/gems/net-ldap-0.16.1/lib/net/ldap.rb:364: warning: already initialized constant Net::LDAP::ResultCodeConstraintViolation
/home/vaibhav/.rvm/gems/ruby-2.4.4/gems/net-ldap-0.16.1/lib/net/ldap.rb:364: warning: previous definition of ResultCodeConstraintViolation was here
/home/vaibhav/.rvm/gems/ruby-2.4.4/gems/net-ldap-0.16.1/lib/net/ldap.rb:365: warning: already initialized constant Net::LDAP::ResultCodeAttributeOrValueExists
/home/vaibhav/.rvm/gems/ruby-2.4.4/gems/net-ldap-0.16.1/lib/net/ldap.rb:365: warning: previous definition of ResultCodeAttributeOrValueExists was here
/home/vaibhav/.rvm/gems/ruby-2.4.4/gems/net-ldap-0.16.1/lib/net/ldap.rb:366: warning: already initialized constant Net::LDAP::ResultCodeInvalidAttributeSyntax
/home/vaibhav/.rvm/gems/ruby-2.4.4/gems/net-ldap-0.16.1/lib/net/ldap.rb:366: warning: previous definition of ResultCodeInvalidAttributeSyntax was here
/home/vaibhav/.rvm/gems/ruby-2.4.4/gems/net-ldap-0.16.1/lib/net/ldap.rb:367: warning: already initialized constant Net::LDAP::ResultCodeNoSuchObject
/home/vaibhav/.rvm/gems/ruby-2.4.4/gems/net-ldap-0.16.1/lib/net/ldap.rb:367: warning: previous definition of ResultCodeNoSuchObject was here
/home/vaibhav/.rvm/gems/ruby-2.4.4/gems/net-ldap-0.16.1/lib/net/ldap.rb:368: warning: already initialized constant Net::LDAP::ResultCodeAliasProblem
/home/vaibhav/.rvm/gems/ruby-2.4.4/gems/net-ldap-0.16.1/lib/net/ldap.rb:368: warning: previous definition of ResultCodeAliasProblem was here
/home/vaibhav/.rvm/gems/ruby-2.4.4/gems/net-ldap-0.16.1/lib/net/ldap.rb:369: warning: already initialized constant Net::LDAP::ResultCodeInvalidDNSyntax
/home/vaibhav/.rvm/gems/ruby-2.4.4/gems/net-ldap-0.16.1/lib/net/ldap.rb:369: warning: previous definition of ResultCodeInvalidDNSyntax was here
/home/vaibhav/.rvm/gems/ruby-2.4.4/gems/net-ldap-0.16.1/lib/net/ldap.rb:370: warning: already initialized constant Net::LDAP::ResultCodeAliasDereferencingProblem
/home/vaibhav/.rvm/gems/ruby-2.4.4/gems/net-ldap-0.16.1/lib/net/ldap.rb:370: warning: previous definition of ResultCodeAliasDereferencingProblem was here
/home/vaibhav/.rvm/gems/ruby-2.4.4/gems/net-ldap-0.16.1/lib/net/ldap.rb:371: warning: already initialized constant Net::LDAP::ResultCodeInappropriateAuthentication
/home/vaibhav/.rvm/gems/ruby-2.4.4/gems/net-ldap-0.16.1/lib/net/ldap.rb:371: warning: previous definition of ResultCodeInappropriateAuthentication was here
/home/vaibhav/.rvm/gems/ruby-2.4.4/gems/net-ldap-0.16.1/lib/net/ldap.rb:372: warning: already initialized constant Net::LDAP::ResultCodeInvalidCredentials
/home/vaibhav/.rvm/gems/ruby-2.4.4/gems/net-ldap-0.16.1/lib/net/ldap.rb:372: warning: previous definition of ResultCodeInvalidCredentials was here
/home/vaibhav/.rvm/gems/ruby-2.4.4/gems/net-ldap-0.16.1/lib/net/ldap.rb:373: warning: already initialized constant Net::LDAP::ResultCodeInsufficientAccessRights
/home/vaibhav/.rvm/gems/ruby-2.4.4/gems/net-ldap-0.16.1/lib/net/ldap.rb:373: warning: previous definition of ResultCodeInsufficientAccessRights was here
/home/vaibhav/.rvm/gems/ruby-2.4.4/gems/net-ldap-0.16.1/lib/net/ldap.rb:374: warning: already initialized constant Net::LDAP::ResultCodeBusy
/home/vaibhav/.rvm/gems/ruby-2.4.4/gems/net-ldap-0.16.1/lib/net/ldap.rb:374: warning: previous definition of ResultCodeBusy was here
/home/vaibhav/.rvm/gems/ruby-2.4.4/gems/net-ldap-0.16.1/lib/net/ldap.rb:375: warning: already initialized constant Net::LDAP::ResultCodeUnavailable
/home/vaibhav/.rvm/gems/ruby-2.4.4/gems/net-ldap-0.16.1/lib/net/ldap.rb:375: warning: previous definition of ResultCodeUnavailable was here
/home/vaibhav/.rvm/gems/ruby-2.4.4/gems/net-ldap-0.16.1/lib/net/ldap.rb:376: warning: already initialized constant Net::LDAP::ResultCodeUnwillingToPerform
/home/vaibhav/.rvm/gems/ruby-2.4.4/gems/net-ldap-0.16.1/lib/net/ldap.rb:376: warning: previous definition of ResultCodeUnwillingToPerform was here
/home/vaibhav/.rvm/gems/ruby-2.4.4/gems/net-ldap-0.16.1/lib/net/ldap.rb:377: warning: already initialized constant Net::LDAP::ResultCodeNamingViolation
/home/vaibhav/.rvm/gems/ruby-2.4.4/gems/net-ldap-0.16.1/lib/net/ldap.rb:377: warning: previous definition of ResultCodeNamingViolation was here
/home/vaibhav/.rvm/gems/ruby-2.4.4/gems/net-ldap-0.16.1/lib/net/ldap.rb:378: warning: already initialized constant Net::LDAP::ResultCodeObjectClassViolation
/home/vaibhav/.rvm/gems/ruby-2.4.4/gems/net-ldap-0.16.1/lib/net/ldap.rb:378: warning: previous definition of ResultCodeObjectClassViolation was here
/home/vaibhav/.rvm/gems/ruby-2.4.4/gems/net-ldap-0.16.1/lib/net/ldap.rb:379: warning: already initialized constant Net::LDAP::ResultCodeNotAllowedOnNonLeaf
/home/vaibhav/.rvm/gems/ruby-2.4.4/gems/net-ldap-0.16.1/lib/net/ldap.rb:379: warning: previous definition of ResultCodeNotAllowedOnNonLeaf was here
/home/vaibhav/.rvm/gems/ruby-2.4.4/gems/net-ldap-0.16.1/lib/net/ldap.rb:380: warning: already initialized constant Net::LDAP::ResultCodeNotAllowedOnRDN
/home/vaibhav/.rvm/gems/ruby-2.4.4/gems/net-ldap-0.16.1/lib/net/ldap.rb:380: warning: previous definition of ResultCodeNotAllowedOnRDN was here
/home/vaibhav/.rvm/gems/ruby-2.4.4/gems/net-ldap-0.16.1/lib/net/ldap.rb:381: warning: already initialized constant Net::LDAP::ResultCodeEntryAlreadyExists
/home/vaibhav/.rvm/gems/ruby-2.4.4/gems/net-ldap-0.16.1/lib/net/ldap.rb:381: warning: previous definition of ResultCodeEntryAlreadyExists was here
/home/vaibhav/.rvm/gems/ruby-2.4.4/gems/net-ldap-0.16.1/lib/net/ldap.rb:382: warning: already initialized constant Net::LDAP::ResultCodeObjectClassModsProhibited
/home/vaibhav/.rvm/gems/ruby-2.4.4/gems/net-ldap-0.16.1/lib/net/ldap.rb:382: warning: previous definition of ResultCodeObjectClassModsProhibited was here
/home/vaibhav/.rvm/gems/ruby-2.4.4/gems/net-ldap-0.16.1/lib/net/ldap.rb:383: warning: already initialized constant Net::LDAP::ResultCodeAffectsMultipleDSAs
/home/vaibhav/.rvm/gems/ruby-2.4.4/gems/net-ldap-0.16.1/lib/net/ldap.rb:383: warning: previous definition of ResultCodeAffectsMultipleDSAs was here
/home/vaibhav/.rvm/gems/ruby-2.4.4/gems/net-ldap-0.16.1/lib/net/ldap.rb:384: warning: already initialized constant Net::LDAP::ResultCodeOther
/home/vaibhav/.rvm/gems/ruby-2.4.4/gems/net-ldap-0.16.1/lib/net/ldap.rb:384: warning: previous definition of ResultCodeOther was here
/home/vaibhav/.rvm/gems/ruby-2.4.4/gems/net-ldap-0.16.1/lib/net/ldap.rb:387: warning: already initialized constant Net::LDAP::ResultCodesNonError
/home/vaibhav/.rvm/gems/ruby-2.4.4/gems/net-ldap-0.16.1/lib/net/ldap.rb:387: warning: previous definition of ResultCodesNonError was here
/home/vaibhav/.rvm/gems/ruby-2.4.4/gems/net-ldap-0.16.1/lib/net/ldap.rb:396: warning: already initialized constant Net::LDAP::ResultCodesSearchSuccess
/home/vaibhav/.rvm/gems/ruby-2.4.4/gems/net-ldap-0.16.1/lib/net/ldap.rb:396: warning: previous definition of ResultCodesSearchSuccess was here
/home/vaibhav/.rvm/gems/ruby-2.4.4/gems/net-ldap-0.16.1/lib/net/ldap.rb:403: warning: already initialized constant Net::LDAP::ResultStrings
/home/vaibhav/.rvm/gems/ruby-2.4.4/gems/net-ldap-0.16.1/lib/net/ldap.rb:403: warning: previous definition of ResultStrings was here
/home/vaibhav/.rvm/gems/ruby-2.4.4/gems/net-ldap-0.16.1/lib/net/ldap.rb:445: warning: already initialized constant Net::LDAP::LDAPControls::PAGED_RESULTS
/home/vaibhav/.rvm/gems/ruby-2.4.4/gems/net-ldap-0.16.1/lib/net/ldap.rb:445: warning: previous definition of PAGED_RESULTS was here
/home/vaibhav/.rvm/gems/ruby-2.4.4/gems/net-ldap-0.16.1/lib/net/ldap.rb:446: warning: already initialized constant Net::LDAP::LDAPControls::SORT_REQUEST
/home/vaibhav/.rvm/gems/ruby-2.4.4/gems/net-ldap-0.16.1/lib/net/ldap.rb:446: warning: previous definition of SORT_REQUEST was here
/home/vaibhav/.rvm/gems/ruby-2.4.4/gems/net-ldap-0.16.1/lib/net/ldap.rb:447: warning: already initialized constant Net::LDAP::LDAPControls::SORT_RESPONSE
/home/vaibhav/.rvm/gems/ruby-2.4.4/gems/net-ldap-0.16.1/lib/net/ldap.rb:447: warning: previous definition of SORT_RESPONSE was here
/home/vaibhav/.rvm/gems/ruby-2.4.4/gems/net-ldap-0.16.1/lib/net/ldap.rb:448: warning: already initialized constant Net::LDAP::LDAPControls::DELETE_TREE
/home/vaibhav/.rvm/gems/ruby-2.4.4/gems/net-ldap-0.16.1/lib/net/ldap.rb:448: warning: previous definition of DELETE_TREE was here
